[debug] [2021-08-27T13:35:34.631Z] ----------------------------------------------------------------------
[debug] [2021-08-27T13:35:34.632Z] Command:       /usr/local/bin/node /usr/local/bin/firebase deploy --only hosting
[debug] [2021-08-27T13:35:34.633Z] CLI Version:   9.16.6
[debug] [2021-08-27T13:35:34.633Z] Platform:      darwin
[debug] [2021-08-27T13:35:34.633Z] Node Version:  v14.16.1
[debug] [2021-08-27T13:35:34.641Z] Time:          Fri Aug 27 2021 20:35:34 GMT+0700 (Indochina Time)
[debug] [2021-08-27T13:35:34.641Z] ----------------------------------------------------------------------
[debug] 
[debug] [2021-08-27T13:35:34.645Z] >>> [apiv2][query] GET https://firebase-public.firebaseio.com/cli.json [none]
[debug] [2021-08-27T13:35:34.706Z] > command requires scopes: ["email","openid","https://www.googleapis.com/auth/cloudplatformprojects.readonly","https://www.googleapis.com/auth/firebase","https://www.googleapis.com/auth/cloud-platform"]
[debug] [2021-08-27T13:35:34.706Z] > authorizing via signed-in user (sornchaithedev@gmail.com)
[debug] [2021-08-27T13:35:34.706Z] [iam] checking project letmakeyoufocus for permissions ["firebase.projects.get","firebasehosting.sites.update"]
[debug] [2021-08-27T13:35:34.707Z] >>> HTTP REQUEST POST https://cloudresourcemanager.googleapis.com/v1/projects/letmakeyoufocus:testIamPermissions  
 {"permissions":["firebase.projects.get","firebasehosting.sites.update"]}
[debug] [2021-08-27T13:35:35.667Z] <<< [apiv2][status] GET https://firebase-public.firebaseio.com/cli.json 200
[debug] [2021-08-27T13:35:35.668Z] <<< [apiv2][body] GET https://firebase-public.firebaseio.com/cli.json {"cloudBuildErrorAfter":1594252800000,"cloudBuildWarnAfter":1590019200000,"defaultNode10After":1594252800000,"minVersion":"3.0.5","node8DeploysDisabledAfter":1613390400000,"node8RuntimeDisabledAfter":1615809600000,"node8WarnAfter":1600128000000}
[debug] [2021-08-27T13:35:35.949Z] <<< HTTP RESPONSE 200 {"content-type":"application/json; charset=UTF-8","vary":"X-Origin, Referer, Origin,Accept-Encoding","date":"Fri, 27 Aug 2021 13:35:35 GMT","server":"ESF","cache-control":"private","x-xss-protection":"0","x-frame-options":"SAMEORIGIN","x-content-type-options":"nosniff","server-timing":"gfet4t7; dur=997","alt-svc":"h3=\":443\"; ma=2592000,h3-29=\":443\"; ma=2592000,h3-T051=\":443\"; ma=2592000,h3-Q050=\":443\"; ma=2592000,h3-Q046=\":443\"; ma=2592000,h3-Q043=\":443\"; ma=2592000,quic=\":443\"; ma=2592000; v=\"46,43\"","accept-ranges":"none","transfer-encoding":"chunked"}
[debug] [2021-08-27T13:35:35.951Z] > refreshing access token with scopes: []
[debug] [2021-08-27T13:35:35.952Z] >>> HTTP REQUEST POST https://www.googleapis.com/oauth2/v3/token  
 <request body omitted>
[debug] [2021-08-27T13:35:36.148Z] <<< HTTP RESPONSE 200 {"pragma":"no-cache","expires":"Mon, 01 Jan 1990 00:00:00 GMT","cache-control":"no-cache, no-store, max-age=0, must-revalidate","date":"Fri, 27 Aug 2021 13:35:36 GMT","content-type":"application/json; charset=utf-8","vary":"X-Origin, Referer, Origin,Accept-Encoding","server":"scaffolding on HTTPServer2","x-xss-protection":"0","x-frame-options":"SAMEORIGIN","x-content-type-options":"nosniff","alt-svc":"h3=\":443\"; ma=2592000,h3-29=\":443\"; ma=2592000,h3-T051=\":443\"; ma=2592000,h3-Q050=\":443\"; ma=2592000,h3-Q046=\":443\"; ma=2592000,h3-Q043=\":443\"; ma=2592000,quic=\":443\"; ma=2592000; v=\"46,43\"","accept-ranges":"none","transfer-encoding":"chunked"}
[debug] [2021-08-27T13:35:36.196Z] >>> [apiv2][query] GET https://firebase.googleapis.com/v1beta1/projects/letmakeyoufocus [none]
[debug] [2021-08-27T13:35:36.613Z] <<< [apiv2][status] GET https://firebase.googleapis.com/v1beta1/projects/letmakeyoufocus 200
[debug] [2021-08-27T13:35:36.613Z] <<< [apiv2][body] GET https://firebase.googleapis.com/v1beta1/projects/letmakeyoufocus {"projectId":"letmakeyoufocus","projectNumber":"316103177997","displayName":"FocusRank","name":"projects/letmakeyoufocus","resources":{"hostingSite":"letmakeyoufocus","storageBucket":"letmakeyoufocus.appspot.com","locationId":"asia-southeast2"},"state":"ACTIVE"}
[info] 
[info] === Deploying to 'letmakeyoufocus'...
[info] 
[info] i  deploying hosting 
[debug] [2021-08-27T13:35:36.620Z] > refreshing access token with scopes: ["email","https://www.googleapis.com/auth/cloud-platform","https://www.googleapis.com/auth/cloudplatformprojects.readonly","https://www.googleapis.com/auth/firebase","openid"]
[debug] [2021-08-27T13:35:36.620Z] >>> HTTP REQUEST POST https://www.googleapis.com/oauth2/v3/token  
 <request body omitted>
[debug] [2021-08-27T13:35:36.787Z] <<< HTTP RESPONSE 200 {"cache-control":"no-cache, no-store, max-age=0, must-revalidate","date":"Fri, 27 Aug 2021 13:35:36 GMT","pragma":"no-cache","expires":"Mon, 01 Jan 1990 00:00:00 GMT","content-type":"application/json; charset=utf-8","vary":"X-Origin, Referer, Origin,Accept-Encoding","server":"scaffolding on HTTPServer2","x-xss-protection":"0","x-frame-options":"SAMEORIGIN","x-content-type-options":"nosniff","alt-svc":"h3=\":443\"; ma=2592000,h3-29=\":443\"; ma=2592000,h3-T051=\":443\"; ma=2592000,h3-Q050=\":443\"; ma=2592000,h3-Q046=\":443\"; ma=2592000,h3-Q043=\":443\"; ma=2592000,quic=\":443\"; ma=2592000; v=\"46,43\"","accept-ranges":"none","transfer-encoding":"chunked"}
[debug] [2021-08-27T13:35:36.834Z] >>> HTTP REQUEST POST https://firebasehosting.googleapis.com/v1beta1/sites/letmakeyoufocus/versions  
 {"config":{"rewrites":[{"glob":"**","path":"/index.html"}]},"labels":{"deployment-tool":"cli-firebase"}}
[debug] [2021-08-27T13:35:38.584Z] <<< HTTP RESPONSE 200 {"content-type":"application/json; charset=UTF-8","vary":"X-Origin, Referer, Origin,Accept-Encoding","date":"Fri, 27 Aug 2021 13:35:38 GMT","server":"ESF","cache-control":"private","x-xss-protection":"0","x-frame-options":"SAMEORIGIN","x-content-type-options":"nosniff","alt-svc":"h3=\":443\"; ma=2592000,h3-29=\":443\"; ma=2592000,h3-T051=\":443\"; ma=2592000,h3-Q050=\":443\"; ma=2592000,h3-Q046=\":443\"; ma=2592000,h3-Q043=\":443\"; ma=2592000,quic=\":443\"; ma=2592000; v=\"46,43\"","accept-ranges":"none","transfer-encoding":"chunked"}
[info] i  hosting[letmakeyoufocus]: beginning deploy... 
[info] i  hosting[letmakeyoufocus]: found 16 files in build 
[debug] [2021-08-27T13:35:38.672Z] > refreshing access token with scopes: []
[debug] [2021-08-27T13:35:38.672Z] >>> HTTP REQUEST POST https://www.googleapis.com/oauth2/v3/token  
 <request body omitted>
[debug] [2021-08-27T13:35:38.674Z] [hosting] hash cache [YnVpbGQ] stored for 16 files
[debug] [2021-08-27T13:35:38.674Z] [hosting][hash queue][FINAL] {"max":62,"min":6,"avg":11.1875,"active":0,"complete":16,"success":16,"errored":0,"retried":0,"total":16,"elapsed":68}
[debug] [2021-08-27T13:35:38.847Z] <<< HTTP RESPONSE 200 {"cache-control":"no-cache, no-store, max-age=0, must-revalidate","date":"Fri, 27 Aug 2021 13:35:38 GMT","expires":"Mon, 01 Jan 1990 00:00:00 GMT","pragma":"no-cache","content-type":"application/json; charset=utf-8","vary":"X-Origin, Referer, Origin,Accept-Encoding","server":"scaffolding on HTTPServer2","x-xss-protection":"0","x-frame-options":"SAMEORIGIN","x-content-type-options":"nosniff","alt-svc":"h3=\":443\"; ma=2592000,h3-29=\":443\"; ma=2592000,h3-T051=\":443\"; ma=2592000,h3-Q050=\":443\"; ma=2592000,h3-Q046=\":443\"; ma=2592000,h3-Q043=\":443\"; ma=2592000,quic=\":443\"; ma=2592000; v=\"46,43\"","accept-ranges":"none","transfer-encoding":"chunked"}
[debug] [2021-08-27T13:35:38.892Z] >>> [apiv2][query] POST https://firebasehosting.googleapis.com/v1beta1/sites/letmakeyoufocus/versions/7ca583de15baf5e8:populateFiles [none]
[debug] [2021-08-27T13:35:38.892Z] >>> [apiv2][body] POST https://firebasehosting.googleapis.com/v1beta1/sites/letmakeyoufocus/versions/7ca583de15baf5e8:populateFiles {"files":{"/firebase-messaging-sw.js":"f1b651238a58fe290baec6c5e32f3bdb1943dd2bd582f02569231f7a757c7837","/asset-manifest.json":"3d8fb4b7b53e969024020e38b2a110a9f100aef3e49f0c682000ccb5a9b038ab","/favicon.ico":"b72f7455f00e4e58792d2bca892abb068e2213838c0316d6b7a0d6d16acd1955","/index.html":"34b9f40bfc322171ee6fe338d9058355e931b9a1225c4a8d02b6b1b6ccd6f356","/logo192.png":"caff018b7f1e8fd481eb1c50d75b0ef236bcd5078b1d15c8bb348453fee30293","/manifest.json":"341d52628782f8ac9290bbfc43298afccb47b7cbfcee146ae30cf0f46bc30900","/robots.txt":"391d14b3c2f8c9143a27a28c7399585142228d4d1bdbe2c87ac946de411fa9a2","/static/css/2.f01b737b.chunk.css":"5c4a32edfef9ce894a8542238762c1908c4f4f49d470dd4098097cdb27c72d30","/static/css/main.886e63e9.chunk.css":"09fd949222c07ec6554f6ed5021c446a416eeb64e7c096924afd86a9702fc08f","/static/js/2.1002ae3d.chunk.js.LICENSE.txt":"53754e2936ba058b2853e3c0714cf15bdc1e3d8187278f793c64185d5070e334","/logo512.png":"191fc21360b4ccfb1cda11a1efb97f489ed22672ca83f4064316802bbfdd750e","/worker/timer.js":"13633f6d5be80bbe9588fdf6ce3981814532dabf0d2fe467858d60c7971fe13b","/static/js/3.db1fc97c.chunk.js":"31ae8d4c5e30077a1fd80433888f628707c9aac58660b38879fb9a5eb476b4b8","/static/js/runtime-main.1b91b173.js":"6e31f2466428736d182d2276e2ce0849f6890bb96363a599e951745e5d712ea8","/static/js/main.253d2574.chunk.js":"ca9c68c528a6387d53e45adb6a0c00c7300937d991e3907301760cdaadc5c35d","/static/js/2.1002ae3d.chunk.js":"4928a9a34dfe87995ea40e647a522b1ea2dbf104df81d9c4f6722fb022aa9145"}}
[debug] [2021-08-27T13:35:40.416Z] <<< [apiv2][status] POST https://firebasehosting.googleapis.com/v1beta1/sites/letmakeyoufocus/versions/7ca583de15baf5e8:populateFiles 200
[debug] [2021-08-27T13:35:40.417Z] <<< [apiv2][body] POST https://firebasehosting.googleapis.com/v1beta1/sites/letmakeyoufocus/versions/7ca583de15baf5e8:populateFiles {"uploadRequiredHashes":["31ae8d4c5e30077a1fd80433888f628707c9aac58660b38879fb9a5eb476b4b8","6e31f2466428736d182d2276e2ce0849f6890bb96363a599e951745e5d712ea8","34b9f40bfc322171ee6fe338d9058355e931b9a1225c4a8d02b6b1b6ccd6f356","3d8fb4b7b53e969024020e38b2a110a9f100aef3e49f0c682000ccb5a9b038ab","ca9c68c528a6387d53e45adb6a0c00c7300937d991e3907301760cdaadc5c35d","4928a9a34dfe87995ea40e647a522b1ea2dbf104df81d9c4f6722fb022aa9145"],"uploadUrl":"https://upload-firebasehosting.googleapis.com/upload/sites/letmakeyoufocus/versions/7ca583de15baf5e8/files"}
[debug] [2021-08-27T13:35:40.421Z] >>> [apiv2][query] POST https://upload-firebasehosting.googleapis.com/upload/sites/letmakeyoufocus/versions/7ca583de15baf5e8/files/31ae8d4c5e30077a1fd80433888f628707c9aac58660b38879fb9a5eb476b4b8 [none]
[debug] [2021-08-27T13:35:40.421Z] >>> [apiv2][body] POST https://upload-firebasehosting.googleapis.com/upload/sites/letmakeyoufocus/versions/7ca583de15baf5e8/files/31ae8d4c5e30077a1fd80433888f628707c9aac58660b38879fb9a5eb476b4b8 [stream]
[debug] [2021-08-27T13:35:40.423Z] >>> [apiv2][query] POST https://upload-firebasehosting.googleapis.com/upload/sites/letmakeyoufocus/versions/7ca583de15baf5e8/files/6e31f2466428736d182d2276e2ce0849f6890bb96363a599e951745e5d712ea8 [none]
[debug] [2021-08-27T13:35:40.423Z] >>> [apiv2][body] POST https://upload-firebasehosting.googleapis.com/upload/sites/letmakeyoufocus/versions/7ca583de15baf5e8/files/6e31f2466428736d182d2276e2ce0849f6890bb96363a599e951745e5d712ea8 [stream]
[debug] [2021-08-27T13:35:40.424Z] >>> [apiv2][query] POST https://upload-firebasehosting.googleapis.com/upload/sites/letmakeyoufocus/versions/7ca583de15baf5e8/files/34b9f40bfc322171ee6fe338d9058355e931b9a1225c4a8d02b6b1b6ccd6f356 [none]
[debug] [2021-08-27T13:35:40.424Z] >>> [apiv2][body] POST https://upload-firebasehosting.googleapis.com/upload/sites/letmakeyoufocus/versions/7ca583de15baf5e8/files/34b9f40bfc322171ee6fe338d9058355e931b9a1225c4a8d02b6b1b6ccd6f356 [stream]
[debug] [2021-08-27T13:35:40.425Z] >>> [apiv2][query] POST https://upload-firebasehosting.googleapis.com/upload/sites/letmakeyoufocus/versions/7ca583de15baf5e8/files/3d8fb4b7b53e969024020e38b2a110a9f100aef3e49f0c682000ccb5a9b038ab [none]
[debug] [2021-08-27T13:35:40.425Z] >>> [apiv2][body] POST https://upload-firebasehosting.googleapis.com/upload/sites/letmakeyoufocus/versions/7ca583de15baf5e8/files/3d8fb4b7b53e969024020e38b2a110a9f100aef3e49f0c682000ccb5a9b038ab [stream]
[debug] [2021-08-27T13:35:40.426Z] >>> [apiv2][query] POST https://upload-firebasehosting.googleapis.com/upload/sites/letmakeyoufocus/versions/7ca583de15baf5e8/files/ca9c68c528a6387d53e45adb6a0c00c7300937d991e3907301760cdaadc5c35d [none]
[debug] [2021-08-27T13:35:40.426Z] >>> [apiv2][body] POST https://upload-firebasehosting.googleapis.com/upload/sites/letmakeyoufocus/versions/7ca583de15baf5e8/files/ca9c68c528a6387d53e45adb6a0c00c7300937d991e3907301760cdaadc5c35d [stream]
[debug] [2021-08-27T13:35:40.428Z] >>> [apiv2][query] POST https://upload-firebasehosting.googleapis.com/upload/sites/letmakeyoufocus/versions/7ca583de15baf5e8/files/4928a9a34dfe87995ea40e647a522b1ea2dbf104df81d9c4f6722fb022aa9145 [none]
[debug] [2021-08-27T13:35:40.428Z] >>> [apiv2][body] POST https://upload-firebasehosting.googleapis.com/upload/sites/letmakeyoufocus/versions/7ca583de15baf5e8/files/4928a9a34dfe87995ea40e647a522b1ea2dbf104df81d9c4f6722fb022aa9145 [stream]
[debug] [2021-08-27T13:35:40.429Z] [hosting][populate queue][FINAL] {"max":1749,"min":1749,"avg":1749,"active":0,"complete":1,"success":1,"errored":0,"retried":0,"total":1,"elapsed":1757}
[debug] [2021-08-27T13:35:40.429Z] [hosting] uploads queued: 6
